#
# There is insufficient memory for the Java Runtime Environment to continue.
# Native memory allocation (malloc) failed to allocate 32744 bytes for ChunkPool::allocate
# Possible reasons:
#   The system is out of physical RAM or swap space
#   The process is running with CompressedOops enabled, and the Java Heap may be blocking the growth of the native heap
# Possible solutions:
#   Reduce memory load on the system
#   Increase physical memory or swap space
#   Check if swap backing store is full
#   Decrease Java heap size (-Xmx/-Xms)
#   Decrease number of Java threads
#   Decrease Java thread stack sizes (-Xss)
#   Set larger code cache with -XX:ReservedCodeCacheSize=
#   JVM is running with Unscaled Compressed Oops mode in which the Java heap is
#     placed in the first 4GB address space. The Java Heap base address is the
#     maximum limit for the native heap growth. Please use -XX:HeapBaseMinAddress
#     to set the Java Heap base and to place the Java Heap above 4GB virtual address.
# This output file may be truncated or incomplete.
#
#  Out of Memory Error (allocation.cpp:272), pid=3604, tid=0x0000000000001d14
#
# JRE version: Java(TM) SE Runtime Environment (8.0_261-b12) (build 1.8.0_261-b12)
# Java VM: Java HotSpot(TM) 64-Bit Server VM (25.261-b12 mixed mode windows-amd64 compressed oops)
# Failed to write core dump. Minidumps are not enabled by default on client versions of Windows
#

---------------  T H R E A D  ---------------

Current thread (0x0000026e741b4000):  JavaThread "C1 CompilerThread2" daemon [_thread_in_native, id=7444, stack(0x000000c71bd00000,0x000000c71be00000)]

Stack: [0x000000c71bd00000,0x000000c71be00000]
Native frames: (J=compiled Java code, j=interpreted, Vv=VM code, C=native code)
V  [jvm.dll+0x33e5f9]
V  [jvm.dll+0x2850e2]
V  [jvm.dll+0x285d8d]
V  [jvm.dll+0x27c895]
V  [jvm.dll+0xe520d]
V  [jvm.dll+0xe556c]
V  [jvm.dll+0x409bde]
V  [jvm.dll+0x40c4d9]
V  [jvm.dll+0x3eff4f]
V  [jvm.dll+0x3ef7bd]
V  [jvm.dll+0x3ef99e]
V  [jvm.dll+0x3ef0f1]
V  [jvm.dll+0x3f0b2f]
V  [jvm.dll+0xbbbcb]
V  [jvm.dll+0xba22b]
V  [jvm.dll+0x24d962]
V  [jvm.dll+0x2a1cfc]
C  [ucrtbase.dll+0x210b2]
C  [KERNEL32.DLL+0x17c24]
C  [ntdll.dll+0x6d721]


Current CompileTask:
C1:  16009 6136       1       sun.util.calendar.BaseCalendar::getCalendarDateFromFixedDate (305 bytes)


---------------  P R O C E S S  ---------------

Java Threads: ( => current thread )
  0x0000026e7857d800 JavaThread "RMI TCP Connection(3)-192.168.1.56" daemon [_thread_in_native, id=7116, stack(0x000000c71c400000,0x000000c71c500000)]
  0x0000026e7857b800 JavaThread "RMI TCP Connection(2)-192.168.1.56" daemon [_thread_in_native, id=1744, stack(0x000000c71c300000,0x000000c71c400000)]
  0x0000026e78580000 JavaThread "DestroyJavaVM" [_thread_blocked, id=5672, stack(0x000000c71b000000,0x000000c71b100000)]
  0x0000026e78582000 JavaThread "http-nio-8080-Acceptor" daemon [_thread_in_native, id=2564, stack(0x000000c71da00000,0x000000c71db00000)]
  0x0000026e78580800 JavaThread "http-nio-8080-ClientPoller" daemon [_thread_in_native, id=6468, stack(0x000000c71d900000,0x000000c71da00000)]
  0x0000026e7857f000 JavaThread "http-nio-8080-exec-10" daemon [_thread_blocked, id=3720, stack(0x000000c71d800000,0x000000c71d900000)]
  0x0000026e78581800 JavaThread "http-nio-8080-exec-9" daemon [_thread_blocked, id=9164, stack(0x000000c71d700000,0x000000c71d800000)]
  0x0000026e7857c000 JavaThread "http-nio-8080-exec-8" daemon [_thread_blocked, id=8716, stack(0x000000c71d600000,0x000000c71d700000)]
  0x0000026e78410800 JavaThread "http-nio-8080-exec-7" daemon [_thread_blocked, id=1604, stack(0x000000c71d500000,0x000000c71d600000)]
  0x0000026e7840c000 JavaThread "http-nio-8080-exec-6" daemon [_thread_blocked, id=4880, stack(0x000000c71d400000,0x000000c71d500000)]
  0x0000026e7840f000 JavaThread "http-nio-8080-exec-5" daemon [_thread_blocked, id=3464, stack(0x000000c71d300000,0x000000c71d400000)]
  0x0000026e7840e000 JavaThread "http-nio-8080-exec-4" daemon [_thread_blocked, id=7732, stack(0x000000c71d200000,0x000000c71d300000)]
  0x0000026e7840b000 JavaThread "http-nio-8080-exec-3" daemon [_thread_blocked, id=1204, stack(0x000000c71d100000,0x000000c71d200000)]
  0x0000026e78411000 JavaThread "http-nio-8080-exec-2" daemon [_thread_blocked, id=1032, stack(0x000000c71d000000,0x000000c71d100000)]
  0x0000026e7840a800 JavaThread "http-nio-8080-exec-1" daemon [_thread_in_vm, id=8740, stack(0x000000c71cf00000,0x000000c71d000000)]
  0x0000026e7840f800 JavaThread "http-nio-8080-BlockPoller" daemon [_thread_in_native, id=6956, stack(0x000000c71cd00000,0x000000c71ce00000)]
  0x0000026e7840d800 JavaThread "Live Reload Server" daemon [_thread_in_native, id=1836, stack(0x000000c71ce00000,0x000000c71cf00000)]
  0x0000026e7840c800 JavaThread "File Watcher" daemon [_thread_blocked, id=1372, stack(0x000000c71cc00000,0x000000c71cd00000)]
  0x0000026e764e5000 JavaThread "container-0" [_thread_blocked, id=8696, stack(0x000000c71ca00000,0x000000c71cb00000)]
  0x0000026e764e4800 JavaThread "Catalina-utility-2" [_thread_blocked, id=8756, stack(0x000000c71c900000,0x000000c71ca00000)]
  0x0000026e7645d000 JavaThread "Catalina-utility-1" [_thread_blocked, id=2252, stack(0x000000c71c800000,0x000000c71c900000)]
  0x0000026e73f60800 JavaThread "HikariPool-1 housekeeper" daemon [_thread_blocked, id=3212, stack(0x000000c71c700000,0x000000c71c800000)]
  0x0000026e762cb800 JavaThread "mysql-cj-abandoned-connection-cleanup" daemon [_thread_blocked, id=5364, stack(0x000000c71c500000,0x000000c71c600000)]
  0x0000026e74a85800 JavaThread "RMI Scheduler(0)" daemon [_thread_blocked, id=9128, stack(0x000000c71c200000,0x000000c71c300000)]
  0x0000026e74a43000 JavaThread "RMI TCP Connection(1)-192.168.1.56" daemon [_thread_in_native, id=7580, stack(0x000000c71c100000,0x000000c71c200000)]
  0x0000026e74792000 JavaThread "RMI TCP Accept-0" daemon [_thread_in_native, id=8964, stack(0x000000c71bf00000,0x000000c71c000000)]
  0x0000026e741c5800 JavaThread "Service Thread" daemon [_thread_blocked, id=6536, stack(0x000000c71be00000,0x000000c71bf00000)]
=>0x0000026e741b4000 JavaThread "C1 CompilerThread2" daemon [_thread_in_native, id=7444, stack(0x000000c71bd00000,0x000000c71be00000)]
  0x0000026e74149000 JavaThread "C2 CompilerThread1" daemon [_thread_blocked, id=1164, stack(0x000000c71bc00000,0x000000c71bd00000)]
  0x0000026e74148000 JavaThread "C2 CompilerThread0" daemon [_thread_blocked, id=5036, stack(0x000000c71bb00000,0x000000c71bc00000)]
  0x0000026e74081000 JavaThread "Monitor Ctrl-Break" daemon [_thread_in_native, id=7096, stack(0x000000c71ba00000,0x000000c71bb00000)]
  0x0000026e72c42800 JavaThread "Attach Listener" daemon [_thread_blocked, id=9072, stack(0x000000c71b900000,0x000000c71ba00000)]
  0x0000026e72c41800 JavaThread "Signal Dispatcher" daemon [_thread_blocked, id=2296, stack(0x000000c71b800000,0x000000c71b900000)]
  0x0000026e72c1a800 JavaThread "Finalizer" daemon [_thread_blocked, id=4080, stack(0x000000c71b700000,0x000000c71b800000)]
  0x0000026e72c10800 JavaThread "Reference Handler" daemon [_thread_blocked, id=6024, stack(0x000000c71b600000,0x000000c71b700000)]

Other Threads:
  0x0000026e72be7800 VMThread [stack: 0x000000c71b500000,0x000000c71b600000] [id=320]
  0x0000026e74799800 WatcherThread [stack: 0x000000c71c000000,0x000000c71c100000] [id=232]

VM state:synchronizing (normal execution)

VM Mutex/Monitor currently owned by a thread:  ([mutex/lock_event])
[0x0000026e5dedcd10] Threads_lock - owner thread: 0x0000026e72be7800

heap address: 0x00000000a2200000, size: 1502 MB, Compressed Oops mode: 32-bit
Narrow klass base: 0x0000000000000000, Narrow klass shift: 3
Compressed class space size: 1073741824 Address: 0x0000000100000000

Heap:
 PSYoungGen      total 428544K, used 87794K [0x00000000e0b80000, 0x00000000fc180000, 0x0000000100000000)
  eden space 409600K, 21% used [0x00000000e0b80000,0x00000000e613cb70,0x00000000f9b80000)
  from space 18944K, 0% used [0x00000000faf00000,0x00000000faf00000,0x00000000fc180000)
  to   space 19456K, 0% used [0x00000000f9b80000,0x00000000f9b80000,0x00000000fae80000)
 ParOldGen       total 77312K, used 26638K [0x00000000a2200000, 0x00000000a6d80000, 0x00000000e0b80000)
  object space 77312K, 34% used [0x00000000a2200000,0x00000000a3c03898,0x00000000a6d80000)
 Metaspace       used 58562K, capacity 62190K, committed 62356K, reserved 1103872K
  class space    used 8202K, capacity 8848K, committed 8892K, reserved 1048576K

Card table byte_map: [0x0000026e6eb50000,0x0000026e6ee40000] byte_map_base: 0x0000026e6e63f000

Marking Bits: (ParMarkBitMap*) 0x00000000759d4fb0
 Begin Bits: [0x0000026e6f040000, 0x0000026e707b8000)
 End Bits:   [0x0000026e707b8000, 0x0000026e71f30000)

Polling page: 0x0000026e5f760000

CodeCache: size=245760Kb used=11349Kb max_used=11360Kb free=234410Kb
 bounds [0x0000026e5f790000, 0x0000026e602b0000, 0x0000026e6e790000]
 total_blobs=6710 nmethods=6101 adapters=520
 compilation: enabled

Compilation events (10 events):
Event: 12.005 Thread 0x0000026e741b4000 nmethod 6130 0x0000026e5f9d9550 code [0x0000026e5f9d96e0, 0x0000026e5f9d99b0]
Event: 12.418 Thread 0x0000026e741b4000 6132       1       org.springframework.boot.devtools.filewatch.FileSnapshot::equals (110 bytes)
Event: 12.419 Thread 0x0000026e741b4000 nmethod 6132 0x0000026e5fa39c50 code [0x0000026e5fa39dc0, 0x0000026e5fa3a130]
Event: 13.019 Thread 0x0000026e741b4000 6133       1       org.springframework.boot.devtools.filewatch.FileSnapshot::<init> (64 bytes)
Event: 13.020 Thread 0x0000026e741b4000 nmethod 6133 0x0000026e5f947990 code [0x0000026e5f947bc0, 0x0000026e5f948250]
Event: 15.941 Thread 0x0000026e741b4000 6134       1       java.nio.HeapByteBuffer::put (17 bytes)
Event: 15.941 Thread 0x0000026e741b4000 nmethod 6134 0x0000026e5fa39590 code [0x0000026e5fa396e0, 0x0000026e5fa39838]
Event: 15.942 Thread 0x0000026e741b4000 6135   !   1       org.apache.tomcat.util.http.parser.HttpParser::isControl (9 bytes)
Event: 15.942 Thread 0x0000026e741b4000 nmethod 6135 0x0000026e5f8c0450 code [0x0000026e5f8c05a0, 0x0000026e5f8c06f8]
Event: 15.948 Thread 0x0000026e741b4000 6136       1       sun.util.calendar.BaseCalendar::getCalendarDateFromFixedDate (305 bytes)

GC Heap History (10 events):
Event: 5.215 GC heap before
{Heap before GC invocations=11 (full 1):
 PSYoungGen      total 201216K, used 52771K [0x00000000e0b80000, 0x00000000f3300000, 0x0000000100000000)
  eden space 192000K, 22% used [0x00000000e0b80000,0x00000000e360f2a8,0x00000000ec700000)
  from space 9216K, 99% used [0x00000000ec700000,0x00000000ecff9b80,0x00000000ed000000)
  to   space 11264K, 0% used [0x00000000f2800000,0x00000000f2800000,0x00000000f3300000)
 ParOldGen       total 37376K, used 9286K [0x00000000a2200000, 0x00000000a4680000, 0x00000000e0b80000)
  object space 37376K, 24% used [0x00000000a2200000,0x00000000a2b118a8,0x00000000a4680000)
 Metaspace       used 33227K, capacity 35304K, committed 35416K, reserved 1079296K
  class space    used 4541K, capacity 4920K, committed 4992K, reserved 1048576K
Event: 5.228 GC heap after
Heap after GC invocations=11 (full 1):
 PSYoungGen      total 291328K, used 7246K [0x00000000e0b80000, 0x00000000f3b80000, 0x0000000100000000)
  eden space 280064K, 0% used [0x00000000e0b80000,0x00000000e0b80000,0x00000000f1d00000)
  from space 11264K, 64% used [0x00000000f2800000,0x00000000f2f139f0,0x00000000f3300000)
  to   space 11264K, 0% used [0x00000000f1d00000,0x00000000f1d00000,0x00000000f2800000)
 ParOldGen       total 37376K, used 11633K [0x00000000a2200000, 0x00000000a4680000, 0x00000000e0b80000)
  object space 37376K, 31% used [0x00000000a2200000,0x00000000a2d5c7a0,0x00000000a4680000)
 Metaspace       used 33227K, capacity 35304K, committed 35416K, reserved 1079296K
  class space    used 4541K, capacity 4920K, committed 4992K, reserved 1048576K
}
Event: 5.228 GC heap before
{Heap before GC invocations=12 (full 2):
 PSYoungGen      total 291328K, used 7246K [0x00000000e0b80000, 0x00000000f3b80000, 0x0000000100000000)
  eden space 280064K, 0% used [0x00000000e0b80000,0x00000000e0b80000,0x00000000f1d00000)
  from space 11264K, 64% used [0x00000000f2800000,0x00000000f2f139f0,0x00000000f3300000)
  to   space 11264K, 0% used [0x00000000f1d00000,0x00000000f1d00000,0x00000000f2800000)
 ParOldGen       total 37376K, used 11633K [0x00000000a2200000, 0x00000000a4680000, 0x00000000e0b80000)
  object space 37376K, 31% used [0x00000000a2200000,0x00000000a2d5c7a0,0x00000000a4680000)
 Metaspace       used 33227K, capacity 35304K, committed 35416K, reserved 1079296K
  class space    used 4541K, capacity 4920K, committed 4992K, reserved 1048576K
Event: 5.295 GC heap after
Heap after GC invocations=12 (full 2):
 PSYoungGen      total 291328K, used 0K [0x00000000e0b80000, 0x00000000f3b80000, 0x0000000100000000)
  eden space 280064K, 0% used [0x00000000e0b80000,0x00000000e0b80000,0x00000000f1d00000)
  from space 11264K, 0% used [0x00000000f2800000,0x00000000f2800000,0x00000000f3300000)
  to   space 11264K, 0% used [0x00000000f1d00000,0x00000000f1d00000,0x00000000f2800000)
 ParOldGen       total 51712K, used 14764K [0x00000000a2200000, 0x00000000a5480000, 0x00000000e0b80000)
  object space 51712K, 28% used [0x00000000a2200000,0x00000000a306b148,0x00000000a5480000)
 Metaspace       used 33227K, capacity 35304K, committed 35416K, reserved 1079296K
  class space    used 4541K, capacity 4920K, committed 4992K, reserved 1048576K
}
Event: 8.515 GC heap before
{Heap before GC invocations=13 (full 2):
 PSYoungGen      total 291328K, used 280064K [0x00000000e0b80000, 0x00000000f3b80000, 0x0000000100000000)
  eden space 280064K, 100% used [0x00000000e0b80000,0x00000000f1d00000,0x00000000f1d00000)
  from space 11264K, 0% used [0x00000000f2800000,0x00000000f2800000,0x00000000f3300000)
  to   space 11264K, 0% used [0x00000000f1d00000,0x00000000f1d00000,0x00000000f2800000)
 ParOldGen       total 51712K, used 14764K [0x00000000a2200000, 0x00000000a5480000, 0x00000000e0b80000)
  object space 51712K, 28% used [0x00000000a2200000,0x00000000a306b148,0x00000000a5480000)
 Metaspace       used 55221K, capacity 58398K, committed 58712K, reserved 1099776K
  class space    used 7695K, capacity 8235K, committed 8320K, reserved 1048576K
Event: 8.547 GC heap after
Heap after GC invocations=13 (full 2):
 PSYoungGen      total 291328K, used 11240K [0x00000000e0b80000, 0x00000000fc200000, 0x0000000100000000)
  eden space 280064K, 0% used [0x00000000e0b80000,0x00000000e0b80000,0x00000000f1d00000)
  from space 11264K, 99% used [0x00000000f1d00000,0x00000000f27fa1c0,0x00000000f2800000)
  to   space 19456K, 0% used [0x00000000faf00000,0x00000000faf00000,0x00000000fc200000)
 ParOldGen       total 51712K, used 32120K [0x00000000a2200000, 0x00000000a5480000, 0x00000000e0b80000)
  object space 51712K, 62% used [0x00000000a2200000,0x00000000a415e1c8,0x00000000a5480000)
 Metaspace       used 55221K, capacity 58398K, committed 58712K, reserved 1099776K
  class space    used 7695K, capacity 8235K, committed 8320K, reserved 1048576K
}
Event: 8.742 GC heap before
{Heap before GC invocations=14 (full 2):
 PSYoungGen      total 291328K, used 36717K [0x00000000e0b80000, 0x00000000fc200000, 0x0000000100000000)
  eden space 280064K, 9% used [0x00000000e0b80000,0x00000000e24613d0,0x00000000f1d00000)
  from space 11264K, 99% used [0x00000000f1d00000,0x00000000f27fa1c0,0x00000000f2800000)
  to   space 19456K, 0% used [0x00000000faf00000,0x00000000faf00000,0x00000000fc200000)
 ParOldGen       total 51712K, used 32120K [0x00000000a2200000, 0x00000000a5480000, 0x00000000e0b80000)
  object space 51712K, 62% used [0x00000000a2200000,0x00000000a415e1c8,0x00000000a5480000)
 Metaspace       used 55759K, capacity 58954K, committed 59028K, reserved 1099776K
  class space    used 7775K, capacity 8363K, committed 8380K, reserved 1048576K
Event: 8.759 GC heap after
Heap after GC invocations=14 (full 2):
 PSYoungGen      total 428544K, used 1375K [0x00000000e0b80000, 0x00000000fc180000, 0x0000000100000000)
  eden space 409600K, 0% used [0x00000000e0b80000,0x00000000e0b80000,0x00000000f9b80000)
  from space 18944K, 7% used [0x00000000faf00000,0x00000000fb057fd8,0x00000000fc180000)
  to   space 19456K, 0% used [0x00000000f9b80000,0x00000000f9b80000,0x00000000fae80000)
 ParOldGen       total 51712K, used 43113K [0x00000000a2200000, 0x00000000a5480000, 0x00000000e0b80000)
  object space 51712K, 83% used [0x00000000a2200000,0x00000000a4c1a6c8,0x00000000a5480000)
 Metaspace       used 55759K, capacity 58954K, committed 59028K, reserved 1099776K
  class space    used 7775K, capacity 8363K, committed 8380K, reserved 1048576K
}
Event: 8.760 GC heap before
{Heap before GC invocations=15 (full 3):
 PSYoungGen      total 428544K, used 1375K [0x00000000e0b80000, 0x00000000fc180000, 0x0000000100000000)
  eden space 409600K, 0% used [0x00000000e0b80000,0x00000000e0b80000,0x00000000f9b80000)
  from space 18944K, 7% used [0x00000000faf00000,0x00000000fb057fd8,0x00000000fc180000)
  to   space 19456K, 0% used [0x00000000f9b80000,0x00000000f9b80000,0x00000000fae80000)
 ParOldGen       total 51712K, used 43113K [0x00000000a2200000, 0x00000000a5480000, 0x00000000e0b80000)
  object space 51712K, 83% used [0x00000000a2200000,0x00000000a4c1a6c8,0x00000000a5480000)
 Metaspace       used 55759K, capacity 58954K, committed 59028K, reserved 1099776K
  class space    used 7775K, capacity 8363K, committed 8380K, reserved 1048576K
Event: 8.988 GC heap after
Heap after GC invocations=15 (full 3):
 PSYoungGen      total 428544K, used 0K [0x00000000e0b80000, 0x00000000fc180000, 0x0000000100000000)
  eden space 409600K, 0% used [0x00000000e0b80000,0x00000000e0b80000,0x00000000f9b80000)
  from space 18944K, 0% used [0x00000000faf00000,0x00000000faf00000,0x00000000fc180000)
  to   space 19456K, 0% used [0x00000000f9b80000,0x00000000f9b80000,0x00000000fae80000)
 ParOldGen       total 77312K, used 26638K [0x00000000a2200000, 0x00000000a6d80000, 0x00000000e0b80000)
  object space 77312K, 34% used [0x00000000a2200000,0x00000000a3c03898,0x00000000a6d80000)
 Metaspace       used 55714K, capacity 58882K, committed 59028K, reserved 1099776K
  class space    used 7768K, capacity 8351K, committed 8380K, reserved 1048576K
}

Deoptimization events (0 events):
No events

Classes redefined (0 events):
No events

Internal exceptions (10 events):
Event: 9.445 Thread 0x0000026e74aae000 Exception <a 'java/lang/ArrayIndexOutOfBoundsException'> (0x00000000e32220b0) thrown at [C:\jenkins\workspace\8-2-build-windows-amd64-cygwin\jdk8u261\295\hotspot\src\share\vm\runtime\sharedRuntime.cpp, line 605]
Event: 9.445 Thread 0x0000026e74aae000 Exception <a 'java/lang/ArrayIndexOutOfBoundsException'> (0x00000000e3223ef0) thrown at [C:\jenkins\workspace\8-2-build-windows-amd64-cygwin\jdk8u261\295\hotspot\src\share\vm\runtime\sharedRuntime.cpp, line 605]
Event: 9.446 Thread 0x0000026e74aae000 Exception <a 'java/lang/ArrayIndexOutOfBoundsException'> (0x00000000e32327f0) thrown at [C:\jenkins\workspace\8-2-build-windows-amd64-cygwin\jdk8u261\295\hotspot\src\share\vm\runtime\sharedRuntime.cpp, line 605]
Event: 9.446 Thread 0x0000026e74aae000 Exception <a 'java/lang/ArrayIndexOutOfBoundsException'> (0x00000000e3234a98) thrown at [C:\jenkins\workspace\8-2-build-windows-amd64-cygwin\jdk8u261\295\hotspot\src\share\vm\runtime\sharedRuntime.cpp, line 605]
Event: 9.446 Thread 0x0000026e74aae000 Exception <a 'java/lang/ArrayIndexOutOfBoundsException'> (0x00000000e3236360) thrown at [C:\jenkins\workspace\8-2-build-windows-amd64-cygwin\jdk8u261\295\hotspot\src\share\vm\runtime\sharedRuntime.cpp, line 605]
Event: 9.446 Thread 0x0000026e74aae000 Exception <a 'java/lang/ArrayIndexOutOfBoundsException'> (0x00000000e3238ca8) thrown at [C:\jenkins\workspace\8-2-build-windows-amd64-cygwin\jdk8u261\295\hotspot\src\share\vm\runtime\sharedRuntime.cpp, line 605]
Event: 9.446 Thread 0x0000026e74aae000 Exception <a 'java/lang/ArrayIndexOutOfBoundsException'> (0x00000000e323ae90) thrown at [C:\jenkins\workspace\8-2-build-windows-amd64-cygwin\jdk8u261\295\hotspot\src\share\vm\runtime\sharedRuntime.cpp, line 605]
Event: 9.461 Thread 0x0000026e74aae000 Exception <a 'java/lang/ArrayIndexOutOfBoundsException'> (0x00000000e32bac80) thrown at [C:\jenkins\workspace\8-2-build-windows-amd64-cygwin\jdk8u261\295\hotspot\src\share\vm\runtime\sharedRuntime.cpp, line 605]
Event: 9.461 Thread 0x0000026e74aae000 Exception <a 'java/lang/ArrayIndexOutOfBoundsException'> (0x00000000e32bd320) thrown at [C:\jenkins\workspace\8-2-build-windows-amd64-cygwin\jdk8u261\295\hotspot\src\share\vm\runtime\sharedRuntime.cpp, line 605]
Event: 9.464 Thread 0x0000026e74aae000 Exception <a 'java/lang/ArrayIndexOutOfBoundsException'> (0x00000000e32dbd60) thrown at [C:\jenkins\workspace\8-2-build-windows-amd64-cygwin\jdk8u261\295\hotspot\src\share\vm\runtime\sharedRuntime.cpp, line 605]

Events (10 events):
Event: 15.945 loading class org/apache/tomcat/util/http/parser/HttpParser$DomainParseState
Event: 15.945 loading class org/apache/tomcat/util/http/parser/HttpParser$DomainParseState done
Event: 15.945 loading class org/apache/catalina/connector/Request
Event: 15.945 loading class org/apache/catalina/connector/Request done
Event: 15.949 loading class org/apache/catalina/connector/Request$1
Event: 15.949 loading class org/apache/catalina/connector/Request$1 done
Event: 15.949 loading class org/apache/catalina/connector/Request$SpecialAttributeAdapter
Event: 15.949 loading class org/apache/catalina/connector/Request$SpecialAttributeAdapter done
Event: 15.949 loading class org/apache/catalina/connector/Request$2
Event: 15.949 loading class org/apache/catalina/connector/Request$2 done


Dynamic libraries:
0x00007ff7f4aa0000 - 0x00007ff7f4ae7000 	C:\Program Files\Java\jdk1.8.0_261\bin\java.exe
0x00007ffa89020000 - 0x00007ffa89210000 	C:\Windows\SYSTEM32\ntdll.dll
0x00007ffa87d10000 - 0x00007ffa87dc2000 	C:\Windows\System32\KERNEL32.DLL
0x00007ffa86500000 - 0x00007ffa867a5000 	C:\Windows\System32\KERNELBASE.dll
0x00007ffa87dd0000 - 0x00007ffa87e73000 	C:\Windows\System32\ADVAPI32.dll
0x00007ffa870d0000 - 0x00007ffa8716e000 	C:\Windows\System32\msvcrt.dll
0x00007ffa87170000 - 0x00007ffa87207000 	C:\Windows\System32\sechost.dll
0x00007ffa87430000 - 0x00007ffa8754f000 	C:\Windows\System32\RPCRT4.dll
0x00007ffa87210000 - 0x00007ffa873a4000 	C:\Windows\System32\USER32.dll
0x00007ffa86000000 - 0x00007ffa86021000 	C:\Windows\System32\win32u.dll
0x00007ffa88e90000 - 0x00007ffa88eb6000 	C:\Windows\System32\GDI32.dll
0x00007ffa86030000 - 0x00007ffa861c8000 	C:\Windows\System32\gdi32full.dll
0x00007ffa863d0000 - 0x00007ffa8646e000 	C:\Windows\System32\msvcp_win.dll
0x00007ffa861d0000 - 0x00007ffa862ca000 	C:\Windows\System32\ucrtbase.dll
0x00007ffa79390000 - 0x00007ffa79614000 	C:\Windows\WinSxS\amd64_microsoft.windows.common-controls_6595b64144ccf1df_6.0.18362.1379_none_9e7ff3b3e45cc0c4\COMCTL32.dll
0x00007ffa87740000 - 0x00007ffa87a77000 	C:\Windows\System32\combase.dll
0x00007ffa86470000 - 0x00007ffa864f1000 	C:\Windows\System32\bcryptPrimitives.dll
0x00007ffa87b30000 - 0x00007ffa87b5e000 	C:\Windows\System32\IMM32.DLL
0x00007ffa82810000 - 0x00007ffa82825000 	C:\Program Files\Java\jdk1.8.0_261\jre\bin\vcruntime140.dll
0x00007ffa7a3b0000 - 0x00007ffa7a44b000 	C:\Program Files\Java\jdk1.8.0_261\jre\bin\msvcp140.dll
0x00000000751e0000 - 0x0000000075a4c000 	C:\Program Files\Java\jdk1.8.0_261\jre\bin\server\jvm.dll
0x00007ffa88780000 - 0x00007ffa88788000 	C:\Windows\System32\PSAPI.DLL
0x00007ffa7bcd0000 - 0x00007ffa7bcd9000 	C:\Windows\SYSTEM32\WSOCK32.dll
0x00007ffa839c0000 - 0x00007ffa839e4000 	C:\Windows\SYSTEM32\WINMM.dll
0x00007ffa88710000 - 0x00007ffa8877f000 	C:\Windows\System32\WS2_32.dll
0x00007ffa7c400000 - 0x00007ffa7c40a000 	C:\Windows\SYSTEM32\VERSION.dll
0x00007ffa83990000 - 0x00007ffa839bd000 	C:\Windows\SYSTEM32\winmmbase.dll
0x00007ffa862d0000 - 0x00007ffa8631a000 	C:\Windows\System32\cfgmgr32.dll
0x00007ffa85f80000 - 0x00007ffa85f91000 	C:\Windows\System32\kernel.appcore.dll
0x00007ffa829a0000 - 0x00007ffa829b0000 	C:\Program Files\Java\jdk1.8.0_261\jre\bin\verify.dll
0x00007ffa827e0000 - 0x00007ffa8280b000 	C:\Program Files\Java\jdk1.8.0_261\jre\bin\java.dll
0x00007ffa814b0000 - 0x00007ffa814e2000 	C:\Program Files\Java\jdk1.8.0_261\jre\bin\instrument.dll
0x00007ffa81ce0000 - 0x00007ffa81cf8000 	C:\Program Files\Java\jdk1.8.0_261\jre\bin\zip.dll
0x00007ffa87fc0000 - 0x00007ffa886a8000 	C:\Windows\System32\SHELL32.dll
0x00007ffa87a80000 - 0x00007ffa87b27000 	C:\Windows\System32\shcore.dll
0x00007ffa86950000 - 0x00007ffa870cb000 	C:\Windows\System32\windows.storage.dll
0x00007ffa85ee0000 - 0x00007ffa85f03000 	C:\Windows\System32\profapi.dll
0x00007ffa85f30000 - 0x00007ffa85f7a000 	C:\Windows\System32\powrprof.dll
0x00007ffa85ed0000 - 0x00007ffa85ee0000 	C:\Windows\System32\UMPDC.dll
0x00007ffa873d0000 - 0x00007ffa87422000 	C:\Windows\System32\shlwapi.dll
0x00007ffa867b0000 - 0x00007ffa867c7000 	C:\Windows\System32\cryptsp.dll
0x00007ffa82770000 - 0x00007ffa8278a000 	C:\Program Files\JetBrains\IntelliJ IDEA 2020.2.3\bin\breakgen64.dll
0x00007ffa81510000 - 0x00007ffa8152c000 	C:\Program Files\Java\jdk1.8.0_261\jre\bin\net.dll
0x00007ffa85710000 - 0x00007ffa85777000 	C:\Windows\system32\mswsock.dll
0x00007ffa85460000 - 0x00007ffa8552b000 	C:\Windows\SYSTEM32\DNSAPI.dll
0x00007ffa88e20000 - 0x00007ffa88e28000 	C:\Windows\System32\NSI.dll
0x00007ffa85420000 - 0x00007ffa8545a000 	C:\Windows\SYSTEM32\IPHLPAPI.DLL
0x00007ffa7aed0000 - 0x00007ffa7aeda000 	C:\Windows\System32\rasadhlp.dll
0x00007ffa7cb00000 - 0x00007ffa7cb77000 	C:\Windows\System32\fwpuclnt.dll
0x00007ffa86920000 - 0x00007ffa86946000 	C:\Windows\System32\bcrypt.dll
0x00007ffa82720000 - 0x00007ffa8272d000 	C:\Program Files\Java\jdk1.8.0_261\jre\bin\management.dll
0x00007ffa814f0000 - 0x00007ffa81503000 	C:\Program Files\Java\jdk1.8.0_261\jre\bin\nio.dll
0x00007ffa85290000 - 0x00007ffa852c3000 	C:\Windows\system32\rsaenh.dll
0x00007ffa85df0000 - 0x00007ffa85e15000 	C:\Windows\SYSTEM32\USERENV.dll
0x00007ffa858e0000 - 0x00007ffa858ec000 	C:\Windows\SYSTEM32\CRYPTBASE.dll
0x00007ffa7cbe0000 - 0x00007ffa7cbf6000 	C:\Windows\SYSTEM32\dhcpcsvc6.DLL
0x00007ffa7ecc0000 - 0x00007ffa7ecdc000 	C:\Windows\SYSTEM32\dhcpcsvc.DLL
0x00007ffa75430000 - 0x00007ffa75446000 	C:\Windows\system32\napinsp.dll
0x00007ffa753c0000 - 0x00007ffa753da000 	C:\Windows\system32\pnrpnsp.dll
0x00007ffa75390000 - 0x00007ffa7539e000 	C:\Windows\System32\winrnr.dll
0x00007ffa822a0000 - 0x00007ffa822bc000 	C:\Windows\system32\NLAapi.dll
0x00007ffa75370000 - 0x00007ffa75385000 	C:\Windows\system32\wshbth.dll
0x00007ffa7b020000 - 0x00007ffa7b044000 	C:\Program Files\Java\jdk1.8.0_261\jre\bin\sunec.dll
0x00007ffa81cd0000 - 0x00007ffa81cdd000 	C:\Program Files\Java\jdk1.8.0_261\jre\bin\sunmscapi.dll
0x00007ffa867d0000 - 0x00007ffa8691a000 	C:\Windows\System32\CRYPT32.dll
0x00007ffa85f10000 - 0x00007ffa85f22000 	C:\Windows\System32\MSASN1.dll
0x00007ffa859e0000 - 0x00007ffa85a06000 	C:\Windows\SYSTEM32\ncrypt.dll
0x00007ffa859a0000 - 0x00007ffa859db000 	C:\Windows\SYSTEM32\NTASN1.dll
0x00007ffa77c40000 - 0x00007ffa77e34000 	C:\Windows\SYSTEM32\dbghelp.dll

VM Arguments:
jvm_args: -XX:TieredStopAtLevel=1 -Xverify:none -Dspring.output.ansi.enabled=always -Dcom.sun.management.jmxremote -Dspring.jmx.enabled=true -Dspring.liveBeansView.mbeanDomain -Dspring.application.admin.enabled=true -javaagent:C:\Program Files\JetBrains\IntelliJ IDEA 2020.2.3\lib\idea_rt.jar=50901:C:\Program Files\JetBrains\IntelliJ IDEA 2020.2.3\bin -Dfile.encoding=UTF-8 
java_command: ru.zhevnov.coffeeTime.CoffeeTimeApplication
java_class_path (initial): C:\Program Files\Java\jdk1.8.0_261\jre\lib\charsets.jar;C:\Program Files\Java\jdk1.8.0_261\jre\lib\deploy.jar;C:\Program Files\Java\jdk1.8.0_261\jre\lib\ext\access-bridge-64.jar;C:\Program Files\Java\jdk1.8.0_261\jre\lib\ext\cldrdata.jar;C:\Program Files\Java\jdk1.8.0_261\jre\lib\ext\dnsns.jar;C:\Program Files\Java\jdk1.8.0_261\jre\lib\ext\jaccess.jar;C:\Program Files\Java\jdk1.8.0_261\jre\lib\ext\jfxrt.jar;C:\Program Files\Java\jdk1.8.0_261\jre\lib\ext\localedata.jar;C:\Program Files\Java\jdk1.8.0_261\jre\lib\ext\nashorn.jar;C:\Program Files\Java\jdk1.8.0_261\jre\lib\ext\sunec.jar;C:\Program Files\Java\jdk1.8.0_261\jre\lib\ext\sunjce_provider.jar;C:\Program Files\Java\jdk1.8.0_261\jre\lib\ext\sunmscapi.jar;C:\Program Files\Java\jdk1.8.0_261\jre\lib\ext\sunpkcs11.jar;C:\Program Files\Java\jdk1.8.0_261\jre\lib\ext\zipfs.jar;C:\Program Files\Java\jdk1.8.0_261\jre\lib\javaws.jar;C:\Program Files\Java\jdk1.8.0_261\jre\lib\jce.jar;C:\Program Files\Java\jdk1.8.0_261\jre\lib\jfr.jar;C:\Program Files\Java\jdk1.8.0_261\jre\lib\jfxswt.jar;C:\Program Files\Java\jdk1.8.0_261\jre\lib\jsse.jar;C:\Program Files\Java\jdk1.8.0_261\jre\lib\management-agent.jar;C:\Program Files\Java\jdk1.8.0_261\jre\lib\plugin.jar;C:\Program Files\Java\jdk1.8.0_261\jre\lib\resources.jar;C:\Program Files\Java\jdk1.8.0_261\jre\lib\rt.jar;D:\CoffeeTime\target\classes;C:\Users\Жевновы\.m2\repository\org\springframework\boot\spring-boot-starter-data-jpa\2.4.2\spring-boot-starter-data-jpa-2.4.2.jar;C:\Users\Жевновы\.m2\repository\org\springframework\boot\spring-boot-starter-aop\2.4.2\spring-boot-starter-aop-2.4.2.jar;C:\Users\Жевновы\.m2\repository\org\springframework\spring-aop\5.3.3\spring-aop-5.3.3.jar;C:\Users\Жевновы\.m2\repository\org\aspectj\aspectjweaver\1.9.6\aspectjweaver-1.9.6.jar;C:\Users\Жевновы\.m2\repository\jakarta\transaction\jakarta.transaction-api\1.3.3\jakarta.transaction-api-1.3.3.jar;C:\Users\Жевновы\.m2\repository\jakarta\persistence\jakarta.persistence-ap
Launcher Type: SUN_STANDARD

Environment Variables:
JAVA_HOME=C:\Program Files\Java\jdk1.8.0_261\
PATH=C:\Program Files (x86)\Common Files\Oracle\Java\javapath;C:\Windows\system32;C:\Windows;C:\Windows\System32\Wbem;C:\Windows\System32\WindowsPowerShell\v1.0\;C:\Windows\System32\OpenSSH\;C:\Program Files\Java\jdk1.8.0_261\\bin;C:\Program Files\Apache\apache-maven-3.6.3\bin;C:\Program Files\Git\cmd;C:\Program Files\MySQL\MySQL Shell 8.0\bin\;C:\Users\Жевновы\AppData\Local\Microsoft\WindowsApps;
USERNAME=Жевновы
OS=Windows_NT
PROCESSOR_IDENTIFIER=Intel64 Family 6 Model 58 Stepping 9, GenuineIntel



---------------  S Y S T E M  ---------------

OS: Windows 10.0 , 64 bit Build 18362 (10.0.18362.1350)

CPU:total 4 (initial active 4) (2 cores per cpu, 2 threads per core) family 6 model 58 stepping 9, cmov, cx8, fxsr, mmx, sse, sse2, sse3, ssse3, sse4.1, sse4.2, popcnt, avx, clmul, erms, ht, tsc, tscinvbit, tscinv

Memory: 4k page, physical 6151508k(1062992k free), swap 6970708k(3180k free)

vm_info: Java HotSpot(TM) 64-Bit Server VM (25.261-b12) for windows-amd64 JRE (1.8.0_261-b12), built on Jun 18 2020 06:56:32 by "" with unknown MS VC++:1916

time: Thu Feb 18 22:51:36 2021
timezone: RTZ 2 (ceia)
elapsed time: 16 seconds (0d 0h 0m 16s)

